<?xml version="1.0" encoding="UTF-8"?>
<testsuite xmlns:xsi="http://www.w3.org/2001/XMLSchema-instance" xsi:noNamespaceSchemaLocation="https://maven.apache.org/surefire/maven-surefire-plugin/xsd/surefire-test-report-3.0.xsd" version="3.0" name="TestSuite" time="350.986" tests="16" errors="0" skipped="0" failures="4">
  <properties>
    <property name="sun.desktop" value="windows"/>
    <property name="awt.toolkit" value="sun.awt.windows.WToolkit"/>
    <property name="file.encoding.pkg" value="sun.io"/>
    <property name="java.specification.version" value="1.8"/>
    <property name="webdriver.chrome.driver" value="./src/main/resources/browserDrivers/chromedriver.exe"/>
    <property name="sun.cpu.isalist" value="amd64"/>
    <property name="sun.jnu.encoding" value="Cp1252"/>
    <property name="java.class.path" value="C:\Users\cvalero\Projects\FinalProjectAutamation\target\test-classes;C:\Users\cvalero\Projects\FinalProjectAutamation\target\classes;C:\Users\cvalero\.m2\repository\org\testng\testng\7.1.0\testng-7.1.0.jar;C:\Users\cvalero\.m2\repository\com\beust\jcommander\1.72\jcommander-1.72.jar;C:\Users\cvalero\.m2\repository\com\google\inject\guice\4.1.0\guice-4.1.0-no_aop.jar;C:\Users\cvalero\.m2\repository\javax\inject\javax.inject\1\javax.inject-1.jar;C:\Users\cvalero\.m2\repository\aopalliance\aopalliance\1.0\aopalliance-1.0.jar;C:\Users\cvalero\.m2\repository\org\yaml\snakeyaml\1.21\snakeyaml-1.21.jar;C:\Users\cvalero\.m2\repository\io\qameta\allure\allure-testng\2.13.3\allure-testng-2.13.3.jar;C:\Users\cvalero\.m2\repository\io\qameta\allure\allure-java-commons\2.13.3\allure-java-commons-2.13.3.jar;C:\Users\cvalero\.m2\repository\io\qameta\allure\allure-model\2.13.3\allure-model-2.13.3.jar;C:\Users\cvalero\.m2\repository\com\fasterxml\jackson\core\jackson-databind\2.9.8\jackson-databind-2.9.8.jar;C:\Users\cvalero\.m2\repository\com\fasterxml\jackson\core\jackson-annotations\2.9.0\jackson-annotations-2.9.0.jar;C:\Users\cvalero\.m2\repository\com\fasterxml\jackson\core\jackson-core\2.9.8\jackson-core-2.9.8.jar;C:\Users\cvalero\.m2\repository\org\apache\tika\tika-core\1.20\tika-core-1.20.jar;C:\Users\cvalero\.m2\repository\org\jooq\joor-java-8\0.9.10\joor-java-8-0.9.10.jar;C:\Users\cvalero\.m2\repository\org\seleniumhq\selenium\selenium-java\3.141.59\selenium-java-3.141.59.jar;C:\Users\cvalero\.m2\repository\org\seleniumhq\selenium\selenium-api\3.141.59\selenium-api-3.141.59.jar;C:\Users\cvalero\.m2\repository\org\seleniumhq\selenium\selenium-chrome-driver\3.141.59\selenium-chrome-driver-3.141.59.jar;C:\Users\cvalero\.m2\repository\org\seleniumhq\selenium\selenium-edge-driver\3.141.59\selenium-edge-driver-3.141.59.jar;C:\Users\cvalero\.m2\repository\org\seleniumhq\selenium\selenium-firefox-driver\3.141.59\selenium-firefox-driver-3.141.59.jar;C:\Users\cvalero\.m2\repository\org\seleniumhq\selenium\selenium-ie-driver\3.141.59\selenium-ie-driver-3.141.59.jar;C:\Users\cvalero\.m2\repository\org\seleniumhq\selenium\selenium-opera-driver\3.141.59\selenium-opera-driver-3.141.59.jar;C:\Users\cvalero\.m2\repository\org\seleniumhq\selenium\selenium-remote-driver\3.141.59\selenium-remote-driver-3.141.59.jar;C:\Users\cvalero\.m2\repository\org\seleniumhq\selenium\selenium-safari-driver\3.141.59\selenium-safari-driver-3.141.59.jar;C:\Users\cvalero\.m2\repository\org\seleniumhq\selenium\selenium-support\3.141.59\selenium-support-3.141.59.jar;C:\Users\cvalero\.m2\repository\net\bytebuddy\byte-buddy\1.8.15\byte-buddy-1.8.15.jar;C:\Users\cvalero\.m2\repository\org\apache\commons\commons-exec\1.3\commons-exec-1.3.jar;C:\Users\cvalero\.m2\repository\com\google\guava\guava\25.0-jre\guava-25.0-jre.jar;C:\Users\cvalero\.m2\repository\com\google\code\findbugs\jsr305\1.3.9\jsr305-1.3.9.jar;C:\Users\cvalero\.m2\repository\org\checkerframework\checker-compat-qual\2.0.0\checker-compat-qual-2.0.0.jar;C:\Users\cvalero\.m2\repository\com\google\errorprone\error_prone_annotations\2.1.3\error_prone_annotations-2.1.3.jar;C:\Users\cvalero\.m2\repository\com\google\j2objc\j2objc-annotations\1.1\j2objc-annotations-1.1.jar;C:\Users\cvalero\.m2\repository\org\codehaus\mojo\animal-sniffer-annotations\1.14\animal-sniffer-annotations-1.14.jar;C:\Users\cvalero\.m2\repository\com\squareup\okhttp3\okhttp\3.11.0\okhttp-3.11.0.jar;C:\Users\cvalero\.m2\repository\com\squareup\okio\okio\1.14.0\okio-1.14.0.jar;C:\Users\cvalero\.m2\repository\io\github\bonigarcia\webdrivermanager\3.8.1\webdrivermanager-3.8.1.jar;C:\Users\cvalero\.m2\repository\commons-io\commons-io\2.6\commons-io-2.6.jar;C:\Users\cvalero\.m2\repository\org\apache\httpcomponents\httpclient\4.5.6\httpclient-4.5.6.jar;C:\Users\cvalero\.m2\repository\org\apache\httpcomponents\httpcore\4.4.10\httpcore-4.4.10.jar;C:\Users\cvalero\.m2\repository\commons-logging\commons-logging\1.2\commons-logging-1.2.jar;C:\Users\cvalero\.m2\repository\commons-codec\commons-codec\1.10\commons-codec-1.10.jar;C:\Users\cvalero\.m2\repository\org\rauschig\jarchivelib\1.0.0\jarchivelib-1.0.0.jar;C:\Users\cvalero\.m2\repository\org\apache\commons\commons-compress\1.18\commons-compress-1.18.jar;C:\Users\cvalero\.m2\repository\org\jsoup\jsoup\1.11.3\jsoup-1.11.3.jar;C:\Users\cvalero\.m2\repository\org\apache\commons\commons-lang3\3.9\commons-lang3-3.9.jar;C:\Users\cvalero\.m2\repository\io\rest-assured\rest-assured\4.3.0\rest-assured-4.3.0.jar;C:\Users\cvalero\.m2\repository\org\codehaus\groovy\groovy\3.0.2\groovy-3.0.2.jar;C:\Users\cvalero\.m2\repository\org\codehaus\groovy\groovy-xml\3.0.2\groovy-xml-3.0.2.jar;C:\Users\cvalero\.m2\repository\org\apache\httpcomponents\httpmime\4.5.3\httpmime-4.5.3.jar;C:\Users\cvalero\.m2\repository\org\hamcrest\hamcrest\2.1\hamcrest-2.1.jar;C:\Users\cvalero\.m2\repository\org\ccil\cowan\tagsoup\tagsoup\1.2.1\tagsoup-1.2.1.jar;C:\Users\cvalero\.m2\repository\io\rest-assured\json-path\4.3.0\json-path-4.3.0.jar;C:\Users\cvalero\.m2\repository\org\codehaus\groovy\groovy-json\3.0.2\groovy-json-3.0.2.jar;C:\Users\cvalero\.m2\repository\io\rest-assured\rest-assured-common\4.3.0\rest-assured-common-4.3.0.jar;C:\Users\cvalero\.m2\repository\io\rest-assured\xml-path\4.3.0\xml-path-4.3.0.jar;C:\Users\cvalero\.m2\repository\jakarta\xml\bind\jakarta.xml.bind-api\2.3.2\jakarta.xml.bind-api-2.3.2.jar;C:\Users\cvalero\.m2\repository\jakarta\activation\jakarta.activation-api\1.2.1\jakarta.activation-api-1.2.1.jar;C:\Users\cvalero\.m2\repository\com\sun\xml\bind\jaxb-osgi\2.3.0.1\jaxb-osgi-2.3.0.1.jar;C:\Users\cvalero\.m2\repository\org\apache\sling\org.apache.sling.javax.activation\0.1.0\org.apache.sling.javax.activation-0.1.0.jar;C:\Users\cvalero\.m2\repository\javax\activation\activation\1.1.1\activation-1.1.1.jar;C:\Users\cvalero\.m2\repository\com\google\code\gson\gson\2.8.6\gson-2.8.6.jar;C:\Users\cvalero\.m2\repository\org\json\json\20190722\json-20190722.jar;C:\Users\cvalero\.m2\repository\org\slf4j\slf4j-api\1.7.30\slf4j-api-1.7.30.jar;C:\Users\cvalero\.m2\repository\org\slf4j\slf4j-log4j12\1.7.25\slf4j-log4j12-1.7.25.jar;C:\Users\cvalero\.m2\repository\log4j\log4j\1.2.17\log4j-1.2.17.jar;C:\Users\cvalero\.m2\repository\org\apache\logging\log4j\log4j-api\2.13.3\log4j-api-2.13.3.jar;C:\Users\cvalero\.m2\repository\org\apache\logging\log4j\log4j-core\2.13.3\log4j-core-2.13.3.jar;"/>
    <property name="java.vm.vendor" value="Oracle Corporation"/>
    <property name="sun.arch.data.model" value="64"/>
    <property name="user.variant" value=""/>
    <property name="java.vendor.url" value="http://java.oracle.com/"/>
    <property name="user.timezone" value="America/Bogota"/>
    <property name="java.vm.specification.version" value="1.8"/>
    <property name="os.name" value="Windows 10"/>
    <property name="user.country" value="GB"/>
    <property name="sun.java.launcher" value="SUN_STANDARD"/>
    <property name="sun.boot.library.path" value="C:\Program Files\Java\jdk1.8.0_261\jre\bin"/>
    <property name="sun.java.command" value="C:\Users\cvalero\AppData\Local\Temp\surefire1029910623457710259\surefirebooter981623192315742006.jar C:\Users\cvalero\AppData\Local\Temp\surefire1029910623457710259 2020-10-07T17-15-40_840-jvmRun1 surefire4613849251461191159tmp surefire_04400715015139738662tmp"/>
    <property name="surefire.test.class.path" value="C:\Users\cvalero\Projects\FinalProjectAutamation\target\test-classes;C:\Users\cvalero\Projects\FinalProjectAutamation\target\classes;C:\Users\cvalero\.m2\repository\org\testng\testng\7.1.0\testng-7.1.0.jar;C:\Users\cvalero\.m2\repository\com\beust\jcommander\1.72\jcommander-1.72.jar;C:\Users\cvalero\.m2\repository\com\google\inject\guice\4.1.0\guice-4.1.0-no_aop.jar;C:\Users\cvalero\.m2\repository\javax\inject\javax.inject\1\javax.inject-1.jar;C:\Users\cvalero\.m2\repository\aopalliance\aopalliance\1.0\aopalliance-1.0.jar;C:\Users\cvalero\.m2\repository\org\yaml\snakeyaml\1.21\snakeyaml-1.21.jar;C:\Users\cvalero\.m2\repository\io\qameta\allure\allure-testng\2.13.3\allure-testng-2.13.3.jar;C:\Users\cvalero\.m2\repository\io\qameta\allure\allure-java-commons\2.13.3\allure-java-commons-2.13.3.jar;C:\Users\cvalero\.m2\repository\io\qameta\allure\allure-model\2.13.3\allure-model-2.13.3.jar;C:\Users\cvalero\.m2\repository\com\fasterxml\jackson\core\jackson-databind\2.9.8\jackson-databind-2.9.8.jar;C:\Users\cvalero\.m2\repository\com\fasterxml\jackson\core\jackson-annotations\2.9.0\jackson-annotations-2.9.0.jar;C:\Users\cvalero\.m2\repository\com\fasterxml\jackson\core\jackson-core\2.9.8\jackson-core-2.9.8.jar;C:\Users\cvalero\.m2\repository\org\apache\tika\tika-core\1.20\tika-core-1.20.jar;C:\Users\cvalero\.m2\repository\org\jooq\joor-java-8\0.9.10\joor-java-8-0.9.10.jar;C:\Users\cvalero\.m2\repository\org\seleniumhq\selenium\selenium-java\3.141.59\selenium-java-3.141.59.jar;C:\Users\cvalero\.m2\repository\org\seleniumhq\selenium\selenium-api\3.141.59\selenium-api-3.141.59.jar;C:\Users\cvalero\.m2\repository\org\seleniumhq\selenium\selenium-chrome-driver\3.141.59\selenium-chrome-driver-3.141.59.jar;C:\Users\cvalero\.m2\repository\org\seleniumhq\selenium\selenium-edge-driver\3.141.59\selenium-edge-driver-3.141.59.jar;C:\Users\cvalero\.m2\repository\org\seleniumhq\selenium\selenium-firefox-driver\3.141.59\selenium-firefox-driver-3.141.59.jar;C:\Users\cvalero\.m2\repository\org\seleniumhq\selenium\selenium-ie-driver\3.141.59\selenium-ie-driver-3.141.59.jar;C:\Users\cvalero\.m2\repository\org\seleniumhq\selenium\selenium-opera-driver\3.141.59\selenium-opera-driver-3.141.59.jar;C:\Users\cvalero\.m2\repository\org\seleniumhq\selenium\selenium-remote-driver\3.141.59\selenium-remote-driver-3.141.59.jar;C:\Users\cvalero\.m2\repository\org\seleniumhq\selenium\selenium-safari-driver\3.141.59\selenium-safari-driver-3.141.59.jar;C:\Users\cvalero\.m2\repository\org\seleniumhq\selenium\selenium-support\3.141.59\selenium-support-3.141.59.jar;C:\Users\cvalero\.m2\repository\net\bytebuddy\byte-buddy\1.8.15\byte-buddy-1.8.15.jar;C:\Users\cvalero\.m2\repository\org\apache\commons\commons-exec\1.3\commons-exec-1.3.jar;C:\Users\cvalero\.m2\repository\com\google\guava\guava\25.0-jre\guava-25.0-jre.jar;C:\Users\cvalero\.m2\repository\com\google\code\findbugs\jsr305\1.3.9\jsr305-1.3.9.jar;C:\Users\cvalero\.m2\repository\org\checkerframework\checker-compat-qual\2.0.0\checker-compat-qual-2.0.0.jar;C:\Users\cvalero\.m2\repository\com\google\errorprone\error_prone_annotations\2.1.3\error_prone_annotations-2.1.3.jar;C:\Users\cvalero\.m2\repository\com\google\j2objc\j2objc-annotations\1.1\j2objc-annotations-1.1.jar;C:\Users\cvalero\.m2\repository\org\codehaus\mojo\animal-sniffer-annotations\1.14\animal-sniffer-annotations-1.14.jar;C:\Users\cvalero\.m2\repository\com\squareup\okhttp3\okhttp\3.11.0\okhttp-3.11.0.jar;C:\Users\cvalero\.m2\repository\com\squareup\okio\okio\1.14.0\okio-1.14.0.jar;C:\Users\cvalero\.m2\repository\io\github\bonigarcia\webdrivermanager\3.8.1\webdrivermanager-3.8.1.jar;C:\Users\cvalero\.m2\repository\commons-io\commons-io\2.6\commons-io-2.6.jar;C:\Users\cvalero\.m2\repository\org\apache\httpcomponents\httpclient\4.5.6\httpclient-4.5.6.jar;C:\Users\cvalero\.m2\repository\org\apache\httpcomponents\httpcore\4.4.10\httpcore-4.4.10.jar;C:\Users\cvalero\.m2\repository\commons-logging\commons-logging\1.2\commons-logging-1.2.jar;C:\Users\cvalero\.m2\repository\commons-codec\commons-codec\1.10\commons-codec-1.10.jar;C:\Users\cvalero\.m2\repository\org\rauschig\jarchivelib\1.0.0\jarchivelib-1.0.0.jar;C:\Users\cvalero\.m2\repository\org\apache\commons\commons-compress\1.18\commons-compress-1.18.jar;C:\Users\cvalero\.m2\repository\org\jsoup\jsoup\1.11.3\jsoup-1.11.3.jar;C:\Users\cvalero\.m2\repository\org\apache\commons\commons-lang3\3.9\commons-lang3-3.9.jar;C:\Users\cvalero\.m2\repository\io\rest-assured\rest-assured\4.3.0\rest-assured-4.3.0.jar;C:\Users\cvalero\.m2\repository\org\codehaus\groovy\groovy\3.0.2\groovy-3.0.2.jar;C:\Users\cvalero\.m2\repository\org\codehaus\groovy\groovy-xml\3.0.2\groovy-xml-3.0.2.jar;C:\Users\cvalero\.m2\repository\org\apache\httpcomponents\httpmime\4.5.3\httpmime-4.5.3.jar;C:\Users\cvalero\.m2\repository\org\hamcrest\hamcrest\2.1\hamcrest-2.1.jar;C:\Users\cvalero\.m2\repository\org\ccil\cowan\tagsoup\tagsoup\1.2.1\tagsoup-1.2.1.jar;C:\Users\cvalero\.m2\repository\io\rest-assured\json-path\4.3.0\json-path-4.3.0.jar;C:\Users\cvalero\.m2\repository\org\codehaus\groovy\groovy-json\3.0.2\groovy-json-3.0.2.jar;C:\Users\cvalero\.m2\repository\io\rest-assured\rest-assured-common\4.3.0\rest-assured-common-4.3.0.jar;C:\Users\cvalero\.m2\repository\io\rest-assured\xml-path\4.3.0\xml-path-4.3.0.jar;C:\Users\cvalero\.m2\repository\jakarta\xml\bind\jakarta.xml.bind-api\2.3.2\jakarta.xml.bind-api-2.3.2.jar;C:\Users\cvalero\.m2\repository\jakarta\activation\jakarta.activation-api\1.2.1\jakarta.activation-api-1.2.1.jar;C:\Users\cvalero\.m2\repository\com\sun\xml\bind\jaxb-osgi\2.3.0.1\jaxb-osgi-2.3.0.1.jar;C:\Users\cvalero\.m2\repository\org\apache\sling\org.apache.sling.javax.activation\0.1.0\org.apache.sling.javax.activation-0.1.0.jar;C:\Users\cvalero\.m2\repository\javax\activation\activation\1.1.1\activation-1.1.1.jar;C:\Users\cvalero\.m2\repository\com\google\code\gson\gson\2.8.6\gson-2.8.6.jar;C:\Users\cvalero\.m2\repository\org\json\json\20190722\json-20190722.jar;C:\Users\cvalero\.m2\repository\org\slf4j\slf4j-api\1.7.30\slf4j-api-1.7.30.jar;C:\Users\cvalero\.m2\repository\org\slf4j\slf4j-log4j12\1.7.25\slf4j-log4j12-1.7.25.jar;C:\Users\cvalero\.m2\repository\log4j\log4j\1.2.17\log4j-1.2.17.jar;C:\Users\cvalero\.m2\repository\org\apache\logging\log4j\log4j-api\2.13.3\log4j-api-2.13.3.jar;C:\Users\cvalero\.m2\repository\org\apache\logging\log4j\log4j-core\2.13.3\log4j-core-2.13.3.jar;"/>
    <property name="sun.cpu.endian" value="little"/>
    <property name="user.home" value="C:\Users\cvalero"/>
    <property name="user.language" value="en"/>
    <property name="java.specification.vendor" value="Oracle Corporation"/>
    <property name="java.home" value="C:\Program Files\Java\jdk1.8.0_261\jre"/>
    <property name="basedir" value="C:\Users\cvalero\Projects\FinalProjectAutamation"/>
    <property name="file.separator" value="\"/>
    <property name="line.separator" value="&#10;"/>
    <property name="java.vm.specification.vendor" value="Oracle Corporation"/>
    <property name="java.specification.name" value="Java Platform API Specification"/>
    <property name="java.awt.graphicsenv" value="sun.awt.Win32GraphicsEnvironment"/>
    <property name="surefire.real.class.path" value="C:\Users\cvalero\AppData\Local\Temp\surefire1029910623457710259\surefirebooter981623192315742006.jar"/>
    <property name="sun.boot.class.path" value="C:\Program Files\Java\jdk1.8.0_261\jre\lib\resources.jar;C:\Program Files\Java\jdk1.8.0_261\jre\lib\rt.jar;C:\Program Files\Java\jdk1.8.0_261\jre\lib\sunrsasign.jar;C:\Program Files\Java\jdk1.8.0_261\jre\lib\jsse.jar;C:\Program Files\Java\jdk1.8.0_261\jre\lib\jce.jar;C:\Program Files\Java\jdk1.8.0_261\jre\lib\charsets.jar;C:\Program Files\Java\jdk1.8.0_261\jre\lib\jfr.jar;C:\Program Files\Java\jdk1.8.0_261\jre\classes"/>
    <property name="user.script" value=""/>
    <property name="sun.management.compiler" value="HotSpot 64-Bit Tiered Compilers"/>
    <property name="java.runtime.version" value="1.8.0_261-b12"/>
    <property name="user.name" value="cvalero"/>
    <property name="path.separator" value=";"/>
    <property name="os.version" value="10.0"/>
    <property name="java.endorsed.dirs" value="C:\Program Files\Java\jdk1.8.0_261\jre\lib\endorsed"/>
    <property name="java.runtime.name" value="Java(TM) SE Runtime Environment"/>
    <property name="file.encoding" value="Cp1252"/>
    <property name="java.vm.name" value="Java HotSpot(TM) 64-Bit Server VM"/>
    <property name="localRepository" value="C:\Users\cvalero\.m2\repository"/>
    <property name="java.vendor.url.bug" value="http://bugreport.sun.com/bugreport/"/>
    <property name="java.io.tmpdir" value="C:\Users\cvalero\AppData\Local\Temp\"/>
    <property name="java.version" value="1.8.0_261"/>
    <property name="user.dir" value="C:\Users\cvalero\Projects\FinalProjectAutamation"/>
    <property name="os.arch" value="amd64"/>
    <property name="java.vm.specification.name" value="Java Virtual Machine Specification"/>
    <property name="java.awt.printerjob" value="sun.awt.windows.WPrinterJob"/>
    <property name="sun.os.patch.level" value=""/>
    <property name="java.library.path" value="C:\Program Files\Java\jdk1.8.0_261\jre\bin;C:\WINDOWS\Sun\Java\bin;C:\WINDOWS\system32;C:\WINDOWS;C:\Program Files\Microsoft MPI\Bin\;C:\Program Files (x86)\Common Files\Oracle\Java\javapath;C:\ProgramData\Oracle\Java\javapath;C:\WINDOWS\system32;C:\WINDOWS;C:\WINDOWS\System32\Wbem;C:\WINDOWS\System32\WindowsPowerShell\v1.0\;C:\Program Files\OpenVPN\bin;C:\Program Files (x86)\Microsoft SQL Server\Client SDK\ODBC\130\Tools\Binn\;C:\Program Files (x86)\Microsoft SQL Server\140\Tools\Binn\;C:\Program Files (x86)\Microsoft SQL Server\140\DTS\Binn\;C:\Program Files (x86)\Microsoft SQL Server\140\Tools\Binn\ManagementStudio\;C:\;C:\webdrivers;C:\Users\cvalero\Desktop\Apps\sdk-tools-windows-3859397\tools\bin;C:\Program Files\Git\cmd;C:\Program Files\dotnet\;C:\Program Files\Microsoft SQL Server\130\Tools\Binn\;C:\Program Files\Microsoft VS Code\bin;C:\Program Files (x86)\Symantec\VIP Access Client\;C:\WINDOWS\System32\OpenSSH\;C:\Program Files\Intel\WiFi\bin\;C:\Program Files\Common Files\Intel\WirelessCommon\;C:\Program Files\MySQL\MySQL Server 5.6\bin;C:\Program Files\nodejs\;C:\Program Files\Apache\apache-maven-3.6.3\bin;C:\Program Files\Java\jdk1.8.0_261\bin;C:\allure-2.13.3\bin;C:\HashiCorp\Vagrant\bin;C:\Program Files\Microsoft SQL Server\Client SDK\ODBC\170\Tools\Binn\;C:\Program Files (x86)\Intel\Intel(R) Management Engine Components\DAL;C:\Program Files\Intel\Intel(R) Management Engine Components\DAL;C:\Users\cvalero\AppData\Local\Programs\Python\Python38-32;C:\Users\cvalero\AppData\Local\Programs\Python\Python38-32\Scripts;C:\Program Files\Java\jre1.8.0_261\bin;C:\Users\cvalero\AppData\Local\Android\Sdk\platform-tools;;C:\Program Files\Docker\Docker\resources\bin;C:\ProgramData\DockerDesktop\version-bin;C:\Users\cvalero\AppData\Local\Microsoft\WindowsApps;C:\Program Files\Intel\WiFi\bin\;C:\Program Files\Common Files\Intel\WirelessCommon\;C:\Users\cvalero\AppData\Roaming\npm;C:\Program Files\JetBrains\IntelliJ IDEA Community Edition 2020.2\bin;C:\Users\cvalero\AppData\Local\GitHubDesktop\bin;C:\Program Files\JetBrains\IntelliJ IDEA Community Edition 2020.2\bin;;C:\Users\cvalero\.dotnet\tools;C:\Program Files\JetBrains\PyCharm Community Edition 2020.2.1\bin;;C:\Users\cvalero\AppData\Local\Microsoft\WindowsApps;;."/>
    <property name="java.vm.info" value="mixed mode"/>
    <property name="java.vendor" value="Oracle Corporation"/>
    <property name="java.vm.version" value="25.261-b12"/>
    <property name="java.ext.dirs" value="C:\Program Files\Java\jdk1.8.0_261\jre\lib\ext;C:\WINDOWS\Sun\Java\lib\ext"/>
    <property name="sun.io.unicode.encoding" value="UnicodeLittle"/>
    <property name="java.class.version" value="52.0"/>
  </properties>
  <testcase name="createNewCard" classname="apiTests.RestFullCard" time="10.816">
    <system-out><![CDATA[Request URI:	https://api.trello.com/1/board/5f77456defd45f195cb8b8cd/lists
Request URI:	https://api.trello.com/1/cards/5f774bf2729f58605d3c2352?token=e07b3c393e2b0606d8e696d89c9f7e45fa6220a3585eb99393b3e809d629117c&key=82a1e0c4b01383fc2b220cc981639e71
Body:
{
    "name": "Card to be Deleted",
    "desc": "This Card created is going to be deleted",
    "due": "2020-10-12",
    "email": "cesar.valero@gyp.com",
    "closed": false
}
Body:
{
    "name": "Prueba RestAsured",
    "desc": "Card created from Rest Assured with IntelliJ",
    "due": "2020-10-12",
    "email": "cesar.valero@gyp.com",
    "closed": false
}
Body:
{
    "text": "Type a Comment from IntelliJ using Rest Assured"
}
Request URI:	https://api.trello.com/1/cards/5f7e3e53424a1f0e241fad57?token=e07b3c393e2b0606d8e696d89c9f7e45fa6220a3585eb99393b3e809d629117c&key=82a1e0c4b01383fc2b220cc981639e71
[INFO ] 2020-10-07 17:15:56.942 [TestNG-test=Test-3] RestFullCard - API Test 3 - Passed - CreateNewCard 
[INFO ] 2020-10-07 17:15:56.955 [TestNG-test=Test-3] RestFullCard - The Id of the New Card is: 5f7e3e53e5ddbc6ea03399d7
[INFO ] 2020-10-07 17:15:56.942 [TestNG-test=Test-2] RestFullCard - API Test 2 - Passed - ValidateCard 
[INFO ] 2020-10-07 17:15:56.958 [TestNG-test=Test-2] RestFullCard - The Name of the Card validated is: prueba
]]></system-out>
    <system-err><![CDATA[log4j:WARN No appenders could be found for logger (org.apache.http.impl.conn.BasicClientConnectionManager).
log4j:WARN Please initialize the log4j system properly.
log4j:WARN See http://logging.apache.org/log4j/1.2/faq.html#noconfig for more info.
]]></system-err>
  </testcase>
  <testcase name="validateCard" classname="apiTests.RestFullCard" time="10.818"/>
  <testcase name="validateAddNewComment" classname="apiTests.RestFullCard" time="10.858">
    <system-out><![CDATA[[INFO ] 2020-10-07 17:15:56.942 [TestNG-test=Test-5] RestFullCard - API Test 5 - Passed - ValidateAddNewComment 
[INFO ] 2020-10-07 17:15:57.044 [TestNG-test=Test-5] RestFullCard - New Comment added to the Card 5f7e3e53d684851b283e2dc4
]]></system-out>
  </testcase>
  <testcase name="validateLists" classname="apiTests.RestFullCard" time="11.176">
    <system-out><![CDATA[[TRACE] 2020-10-07 17:15:57.053 [TestNG-test=Test-1] RestFullCard - API Test 1 - Passed - ValidateLists 
[INFO ] 2020-10-07 17:15:57.055 [TestNG-test=Test-1] RestFullCard - The Number of lists in the Kanban project is: 7
[INFO ] 2020-10-07 17:15:57.055 [TestNG-test=Test-1] RestFullCard - The lists in Kanban are: 
[INFO ] 2020-10-07 17:15:57.056 [TestNG-test=Test-1] RestFullCard - Backlog
[INFO ] 2020-10-07 17:15:57.056 [TestNG-test=Test-1] RestFullCard - Design
[INFO ] 2020-10-07 17:15:57.057 [TestNG-test=Test-1] RestFullCard - To Do
[INFO ] 2020-10-07 17:15:57.058 [TestNG-test=Test-1] RestFullCard - Doing
[INFO ] 2020-10-07 17:15:57.060 [TestNG-test=Test-1] RestFullCard - Code Review
[INFO ] 2020-10-07 17:15:57.060 [TestNG-test=Test-1] RestFullCard - Testing
[INFO ] 2020-10-07 17:15:57.061 [TestNG-test=Test-1] RestFullCard - Done
]]></system-out>
  </testcase>
  <testcase name="validateMoveCardToList" classname="apiTests.RestFullCard" time="0.125">
    <system-out><![CDATA[Request URI:	https://api.trello.com/1/cards/5f7d1f1340802349ec44a5df?token=e07b3c393e2b0606d8e696d89c9f7e45fa6220a3585eb99393b3e809d629117c&key=82a1e0c4b01383fc2b220cc981639e71&idList=5f77456defd45f195cb8b8d0
Body:
{
    "name": null,
    "desc": "The Description has been modified from IntelliJ",
    "due": "2020-11-08",
    "email": null,
    "closed": false
}
Body:
{
    "name": "Card to be Close",
    "desc": "This Card created is going to be Closed",
    "due": "2020-10-12",
    "email": "cesar.valero@gyp.com",
    "closed": false
}
Request URI:	https://api.trello.com/1/cards/5f7e3e53424a1f0e241fad57?token=e07b3c393e2b0606d8e696d89c9f7e45fa6220a3585eb99393b3e809d629117c&key=82a1e0c4b01383fc2b220cc981639e71
[INFO ] 2020-10-07 17:15:58.016 [TestNG-test=Test-1] RestFullCard - API Test 6 - Passed - validateMoveCardToList 
[INFO ] 2020-10-07 17:15:58.017 [TestNG-test=Test-1] RestFullCard - The Card was move to the List To Do 
]]></system-out>
  </testcase>
  <testcase name="validateUpdateCard" classname="apiTests.RestFullCard" time="0.236">
    <system-out><![CDATA[[INFO ] 2020-10-07 17:15:58.083 [TestNG-test=Test-3] RestFullCard - API Test 7 - Passed - validateUpdateCard 
[INFO ] 2020-10-07 17:15:58.084 [TestNG-test=Test-3] RestFullCard - Description updated:  The Description has been modified from IntelliJ
[INFO ] 2020-10-07 17:15:58.085 [TestNG-test=Test-3] RestFullCard - New Due Date updated:  2020-11-08T00:00:00.000Z
]]></system-out>
  </testcase>
  <testcase name="validateDeleteCard" classname="apiTests.RestFullCard" time="0.278">
    <system-out><![CDATA[[INFO ] 2020-10-07 17:15:58.239 [TestNG-test=Test-4] RestFullCard - API Test 4 - Passed - ValidateDeleteCard 
[INFO ] 2020-10-07 17:15:58.240 [TestNG-test=Test-4] RestFullCard - The Card was Deleted 
]]></system-out>
  </testcase>
  <testcase name="ValidateToCloseCard" classname="apiTests.RestFullCard" time="0.635">
    <system-out><![CDATA[Body:
{
    "name": null,
    "desc": null,
    "due": null,
    "email": null,
    "closed": true
}
[INFO ] 2020-10-07 17:15:58.900 [TestNG-test=Test-5] RestFullCard - API Test 8 - Passed - ValidateToCloseCard 
[INFO ] 2020-10-07 17:15:58.901 [TestNG-test=Test-5] RestFullCard - Is the Card closed?:  true
]]></system-out>
  </testcase>
  <testcase name="validateLogin" classname="uiTests.HomePageTests" time="23.024">
    <system-out><![CDATA[[INFO ] 2020-10-07 17:16:44.394 [TestNG-test=HomePageTest-1] BaseTest - UI Test 1 - Passed - validateLogin 
]]></system-out>
    <system-err><![CDATA[Starting ChromeDriver 84.0.4147.30 (48b3e868b4cc0aa7e8149519690b6f6949e110a8-refs/branch-heads/4147@{#310}) on port 16376
Only local connections are allowed.
Please see https://chromedriver.chromium.org/security-considerations for suggestions on keeping ChromeDriver safe.
ChromeDriver was started successfully.
[1602108966.364][WARNING]: This version of ChromeDriver has not been tested with Chrome version 85.
Oct 07, 2020 5:16:09 PM org.openqa.selenium.remote.ProtocolHandshake createSession
INFO: Detected dialect: W3C
]]></system-err>
  </testcase>
  <testcase name="validateHomePage" classname="uiTests.HomePageTests" time="22.026">
    <system-out><![CDATA[[INFO ] 2020-10-07 17:16:44.406 [TestNG-test=HomePageTest-1] BaseTest - TestCase passed. 
[INFO ] 2020-10-07 17:17:27.630 [TestNG-test=HomePageTest-1] BaseTest - UI Test 2 - Passed - validateHomePage - expected components were displayed 
]]></system-out>
    <system-err><![CDATA[Starting ChromeDriver 84.0.4147.30 (48b3e868b4cc0aa7e8149519690b6f6949e110a8-refs/branch-heads/4147@{#310}) on port 48593
Only local connections are allowed.
Please see https://chromedriver.chromium.org/security-considerations for suggestions on keeping ChromeDriver safe.
ChromeDriver was started successfully.
[1602109010.645][WARNING]: This version of ChromeDriver has not been tested with Chrome version 85.
Oct 07, 2020 5:16:53 PM org.openqa.selenium.remote.ProtocolHandshake createSession
INFO: Detected dialect: W3C
]]></system-err>
  </testcase>
  <testcase name="validatePersonalProject" classname="uiTests.HomePageTests" time="27.951">
    <system-out><![CDATA[[INFO ] 2020-10-07 17:17:27.635 [TestNG-test=HomePageTest-1] BaseTest - TestCase passed. 
[INFO ] 2020-10-07 17:18:16.327 [TestNG-test=HomePageTest-1] BaseTest - UI Test 3 - Passed - validatePersonalProject New Final Project Exists
]]></system-out>
    <system-err><![CDATA[Starting ChromeDriver 84.0.4147.30 (48b3e868b4cc0aa7e8149519690b6f6949e110a8-refs/branch-heads/4147@{#310}) on port 1525
Only local connections are allowed.
Please see https://chromedriver.chromium.org/security-considerations for suggestions on keeping ChromeDriver safe.
ChromeDriver was started successfully.
[1602109055.191][WARNING]: This version of ChromeDriver has not been tested with Chrome version 85.
Oct 07, 2020 5:17:37 PM org.openqa.selenium.remote.ProtocolHandshake createSession
INFO: Detected dialect: W3C
]]></system-err>
  </testcase>
  <testcase name="validateScreenShotError" classname="uiTests.HomePageTests" time="0.076">
    <failure message="expected [Log Out] but found [Log In]" type="java.lang.AssertionError"><![CDATA[java.lang.AssertionError: expected [Log Out] but found [Log In]
	at uiTests.HomePageTests.validateScreenShotError(HomePageTests.java:38)
]]></failure>
    <system-out><![CDATA[[INFO ] 2020-10-07 17:18:16.333 [TestNG-test=HomePageTest-1] BaseTest - TestCase passed. 
]]></system-out>
    <system-err><![CDATA[Starting ChromeDriver 84.0.4147.30 (48b3e868b4cc0aa7e8149519690b6f6949e110a8-refs/branch-heads/4147@{#310}) on port 16818
Only local connections are allowed.
Please see https://chromedriver.chromium.org/security-considerations for suggestions on keeping ChromeDriver safe.
ChromeDriver was started successfully.
[1602109103.903][WARNING]: This version of ChromeDriver has not been tested with Chrome version 85.
Oct 07, 2020 5:18:26 PM org.openqa.selenium.remote.ProtocolHandshake createSession
INFO: Detected dialect: W3C
]]></system-err>
  </testcase>
  <testcase name="CreateNewCard" classname="uiTests.ProjectBoardTest" time="28.729">
    <system-out><![CDATA[[INFO ] 2020-10-07 17:18:37.560 [TestNG-test=HomePageTest-1] BaseTest - TestCase failed due to below reason: 
[INFO ] 2020-10-07 17:19:29.076 [TestNG-test=ProjectBoardTest-1] BaseTest - UI Test 5 - Passed - CreateNewCard 
[INFO ] 2020-10-07 17:19:29.077 [TestNG-test=ProjectBoardTest-1] BaseTest - Card Created with name: New develop task
]]></system-out>
    <system-err><![CDATA[Starting ChromeDriver 84.0.4147.30 (48b3e868b4cc0aa7e8149519690b6f6949e110a8-refs/branch-heads/4147@{#310}) on port 6439
Only local connections are allowed.
Please see https://chromedriver.chromium.org/security-considerations for suggestions on keeping ChromeDriver safe.
ChromeDriver was started successfully.
[1602109127.485][WARNING]: This version of ChromeDriver has not been tested with Chrome version 85.
Oct 07, 2020 5:18:49 PM org.openqa.selenium.remote.ProtocolHandshake createSession
INFO: Detected dialect: W3C
]]></system-err>
  </testcase>
  <testcase name="UpdateDescription" classname="uiTests.ProjectBoardTest" time="23.676">
    <failure message="stale element reference: element is not attached to the page document&#10;  (Session info: chrome=85.0.4183.121)&#10;For documentation on this error, please visit: https://www.seleniumhq.org/exceptions/stale_element_reference.html&#10;Build info: version: &apos;3.141.59&apos;, revision: &apos;e82be7d358&apos;, time: &apos;2018-11-14T08:17:03&apos;&#10;System info: host: &apos;EN911042&apos;, ip: &apos;192.168.0.43&apos;, os.name: &apos;Windows 10&apos;, os.arch: &apos;amd64&apos;, os.version: &apos;10.0&apos;, java.version: &apos;1.8.0_261&apos;&#10;Driver info: org.openqa.selenium.chrome.ChromeDriver&#10;Capabilities {acceptInsecureCerts: false, browserName: chrome, browserVersion: 85.0.4183.121, chrome: {chromedriverVersion: 84.0.4147.30 (48b3e868b4cc0..., userDataDir: C:\Users\cvalero\AppData\Lo...}, goog:chromeOptions: {debuggerAddress: localhost:60137}, javascriptEnabled: true, networkConnectionEnabled: false, pageLoadStrategy: normal, platform: WINDOWS, platformName: WINDOWS, proxy: Proxy(), setWindowRect: true, strictFileInteractability: false, timeouts: {implicit: 0, pageLoad: 300000, script: 30000}, unhandledPromptBehavior: dismiss and notify, webauthn:virtualAuthenticators: true}&#10;Session ID: 7d86c9a34f48f82ca7fd428568fdc3e0" type="org.openqa.selenium.StaleElementReferenceException"><![CDATA[org.openqa.selenium.StaleElementReferenceException: 
stale element reference: element is not attached to the page document
  (Session info: chrome=85.0.4183.121)
For documentation on this error, please visit: https://www.seleniumhq.org/exceptions/stale_element_reference.html
Build info: version: '3.141.59', revision: 'e82be7d358', time: '2018-11-14T08:17:03'
System info: host: 'EN911042', ip: '192.168.0.43', os.name: 'Windows 10', os.arch: 'amd64', os.version: '10.0', java.version: '1.8.0_261'
Driver info: org.openqa.selenium.chrome.ChromeDriver
Capabilities {acceptInsecureCerts: false, browserName: chrome, browserVersion: 85.0.4183.121, chrome: {chromedriverVersion: 84.0.4147.30 (48b3e868b4cc0..., userDataDir: C:\Users\cvalero\AppData\Lo...}, goog:chromeOptions: {debuggerAddress: localhost:60137}, javascriptEnabled: true, networkConnectionEnabled: false, pageLoadStrategy: normal, platform: WINDOWS, platformName: WINDOWS, proxy: Proxy(), setWindowRect: true, strictFileInteractability: false, timeouts: {implicit: 0, pageLoad: 300000, script: 30000}, unhandledPromptBehavior: dismiss and notify, webauthn:virtualAuthenticators: true}
Session ID: 7d86c9a34f48f82ca7fd428568fdc3e0
	at uiTests.ProjectBoardTest.UpdateDescription(ProjectBoardTest.java:30)
]]></failure>
    <system-out><![CDATA[[INFO ] 2020-10-07 17:19:29.084 [TestNG-test=ProjectBoardTest-1] BaseTest - TestCase passed. 
]]></system-out>
    <system-err><![CDATA[Starting ChromeDriver 84.0.4147.30 (48b3e868b4cc0aa7e8149519690b6f6949e110a8-refs/branch-heads/4147@{#310}) on port 26192
Only local connections are allowed.
Please see https://chromedriver.chromium.org/security-considerations for suggestions on keeping ChromeDriver safe.
ChromeDriver was started successfully.
[1602109178.492][WARNING]: This version of ChromeDriver has not been tested with Chrome version 85.
Oct 07, 2020 5:19:40 PM org.openqa.selenium.remote.ProtocolHandshake createSession
INFO: Detected dialect: W3C
]]></system-err>
  </testcase>
  <testcase name="AddCommentCard" classname="uiTests.ProjectBoardTest" time="20.84">
    <failure message="stale element reference: element is not attached to the page document&#10;  (Session info: chrome=85.0.4183.121)&#10;For documentation on this error, please visit: https://www.seleniumhq.org/exceptions/stale_element_reference.html&#10;Build info: version: &apos;3.141.59&apos;, revision: &apos;e82be7d358&apos;, time: &apos;2018-11-14T08:17:03&apos;&#10;System info: host: &apos;EN911042&apos;, ip: &apos;192.168.0.43&apos;, os.name: &apos;Windows 10&apos;, os.arch: &apos;amd64&apos;, os.version: &apos;10.0&apos;, java.version: &apos;1.8.0_261&apos;&#10;Driver info: org.openqa.selenium.chrome.ChromeDriver&#10;Capabilities {acceptInsecureCerts: false, browserName: chrome, browserVersion: 85.0.4183.121, chrome: {chromedriverVersion: 84.0.4147.30 (48b3e868b4cc0..., userDataDir: C:\Users\cvalero\AppData\Lo...}, goog:chromeOptions: {debuggerAddress: localhost:60306}, javascriptEnabled: true, networkConnectionEnabled: false, pageLoadStrategy: normal, platform: WINDOWS, platformName: WINDOWS, proxy: Proxy(), setWindowRect: true, strictFileInteractability: false, timeouts: {implicit: 0, pageLoad: 300000, script: 30000}, unhandledPromptBehavior: dismiss and notify, webauthn:virtualAuthenticators: true}&#10;Session ID: 7ff8f62632fa26a809dcadb487528631" type="org.openqa.selenium.StaleElementReferenceException"><![CDATA[org.openqa.selenium.StaleElementReferenceException: 
stale element reference: element is not attached to the page document
  (Session info: chrome=85.0.4183.121)
For documentation on this error, please visit: https://www.seleniumhq.org/exceptions/stale_element_reference.html
Build info: version: '3.141.59', revision: 'e82be7d358', time: '2018-11-14T08:17:03'
System info: host: 'EN911042', ip: '192.168.0.43', os.name: 'Windows 10', os.arch: 'amd64', os.version: '10.0', java.version: '1.8.0_261'
Driver info: org.openqa.selenium.chrome.ChromeDriver
Capabilities {acceptInsecureCerts: false, browserName: chrome, browserVersion: 85.0.4183.121, chrome: {chromedriverVersion: 84.0.4147.30 (48b3e868b4cc0..., userDataDir: C:\Users\cvalero\AppData\Lo...}, goog:chromeOptions: {debuggerAddress: localhost:60306}, javascriptEnabled: true, networkConnectionEnabled: false, pageLoadStrategy: normal, platform: WINDOWS, platformName: WINDOWS, proxy: Proxy(), setWindowRect: true, strictFileInteractability: false, timeouts: {implicit: 0, pageLoad: 300000, script: 30000}, unhandledPromptBehavior: dismiss and notify, webauthn:virtualAuthenticators: true}
Session ID: 7ff8f62632fa26a809dcadb487528631
	at uiTests.ProjectBoardTest.AddCommentCard(ProjectBoardTest.java:42)
]]></failure>
    <system-out><![CDATA[[INFO ] 2020-10-07 17:20:14.493 [TestNG-test=ProjectBoardTest-1] BaseTest - TestCase failed due to below reason: 
]]></system-out>
    <system-err><![CDATA[Starting ChromeDriver 84.0.4147.30 (48b3e868b4cc0aa7e8149519690b6f6949e110a8-refs/branch-heads/4147@{#310}) on port 41464
Only local connections are allowed.
Please see https://chromedriver.chromium.org/security-considerations for suggestions on keeping ChromeDriver safe.
ChromeDriver was started successfully.
[1602109221.554][WARNING]: This version of ChromeDriver has not been tested with Chrome version 85.
Oct 07, 2020 5:20:23 PM org.openqa.selenium.remote.ProtocolHandshake createSession
INFO: Detected dialect: W3C
]]></system-err>
  </testcase>
  <testcase name="MoveCardToList" classname="uiTests.ProjectBoardTest" time="21.602">
    <failure message="stale element reference: element is not attached to the page document&#10;  (Session info: chrome=85.0.4183.121)&#10;For documentation on this error, please visit: https://www.seleniumhq.org/exceptions/stale_element_reference.html&#10;Build info: version: &apos;3.141.59&apos;, revision: &apos;e82be7d358&apos;, time: &apos;2018-11-14T08:17:03&apos;&#10;System info: host: &apos;EN911042&apos;, ip: &apos;192.168.0.43&apos;, os.name: &apos;Windows 10&apos;, os.arch: &apos;amd64&apos;, os.version: &apos;10.0&apos;, java.version: &apos;1.8.0_261&apos;&#10;Driver info: org.openqa.selenium.chrome.ChromeDriver&#10;Capabilities {acceptInsecureCerts: false, browserName: chrome, browserVersion: 85.0.4183.121, chrome: {chromedriverVersion: 84.0.4147.30 (48b3e868b4cc0..., userDataDir: C:\Users\cvalero\AppData\Lo...}, goog:chromeOptions: {debuggerAddress: localhost:60476}, javascriptEnabled: true, networkConnectionEnabled: false, pageLoadStrategy: normal, platform: WINDOWS, platformName: WINDOWS, proxy: Proxy(), setWindowRect: true, strictFileInteractability: false, timeouts: {implicit: 0, pageLoad: 300000, script: 30000}, unhandledPromptBehavior: dismiss and notify, webauthn:virtualAuthenticators: true}&#10;Session ID: 27a36169c197002e8a958e7d4f2ed84b" type="org.openqa.selenium.StaleElementReferenceException"><![CDATA[org.openqa.selenium.StaleElementReferenceException: 
stale element reference: element is not attached to the page document
  (Session info: chrome=85.0.4183.121)
For documentation on this error, please visit: https://www.seleniumhq.org/exceptions/stale_element_reference.html
Build info: version: '3.141.59', revision: 'e82be7d358', time: '2018-11-14T08:17:03'
System info: host: 'EN911042', ip: '192.168.0.43', os.name: 'Windows 10', os.arch: 'amd64', os.version: '10.0', java.version: '1.8.0_261'
Driver info: org.openqa.selenium.chrome.ChromeDriver
Capabilities {acceptInsecureCerts: false, browserName: chrome, browserVersion: 85.0.4183.121, chrome: {chromedriverVersion: 84.0.4147.30 (48b3e868b4cc0..., userDataDir: C:\Users\cvalero\AppData\Lo...}, goog:chromeOptions: {debuggerAddress: localhost:60476}, javascriptEnabled: true, networkConnectionEnabled: false, pageLoadStrategy: normal, platform: WINDOWS, platformName: WINDOWS, proxy: Proxy(), setWindowRect: true, strictFileInteractability: false, timeouts: {implicit: 0, pageLoad: 300000, script: 30000}, unhandledPromptBehavior: dismiss and notify, webauthn:virtualAuthenticators: true}
Session ID: 27a36169c197002e8a958e7d4f2ed84b
	at uiTests.ProjectBoardTest.MoveCardToList(ProjectBoardTest.java:53)
]]></failure>
    <system-out><![CDATA[[INFO ] 2020-10-07 17:20:54.302 [TestNG-test=ProjectBoardTest-1] BaseTest - TestCase failed due to below reason: 
]]></system-out>
    <system-err><![CDATA[Starting ChromeDriver 84.0.4147.30 (48b3e868b4cc0aa7e8149519690b6f6949e110a8-refs/branch-heads/4147@{#310}) on port 7046
Only local connections are allowed.
Please see https://chromedriver.chromium.org/security-considerations for suggestions on keeping ChromeDriver safe.
ChromeDriver was started successfully.
[1602109261.287][WARNING]: This version of ChromeDriver has not been tested with Chrome version 85.
Oct 07, 2020 5:21:03 PM org.openqa.selenium.remote.ProtocolHandshake createSession
INFO: Detected dialect: W3C
]]></system-err>
  </testcase>
</testsuite>