<?xml version="1.0" encoding="UTF-8"?>
<!-- Generated by org.testng.reporters.JUnitReportReporter -->
<testsuite skipped="0" hostname="EN911042" name="uiTests.ProjectBoardTest" tests="1" failures="0" timestamp="2020-10-08T19:09:52 COT" time="62.598" errors="0">
  <testcase name="ValidateCardWasMoved" time="62.598" classname="uiTests.ProjectBoardTest"/>
  <system-out/>
</testsuite> <!-- uiTests.ProjectBoardTest -->
