<?xml version="1.0" encoding="UTF-8"?>
<!-- Generated by org.testng.reporters.JUnitReportReporter -->
<testsuite skipped="0" hostname="EN911042" name="apiTests.RestFullCard" tests="8" failures="0" timestamp="2020-10-07T17:21:36 COT" time="38.884" errors="0">
  <testcase name="validateLists" time="7.016" classname="apiTests.RestFullCard"/>
  <system-out/>
  <testcase name="validateCard" time="6.890" classname="apiTests.RestFullCard"/>
  <system-out/>
  <testcase name="createNewCard" time="6.911" classname="apiTests.RestFullCard"/>
  <system-out/>
  <testcase name="validateDeleteCard" time="8.196" classname="apiTests.RestFullCard"/>
  <system-out/>
  <testcase name="validateAddNewComment" time="7.000" classname="apiTests.RestFullCard"/>
  <system-out/>
  <testcase name="validateMoveCardToList" time="0.675" classname="apiTests.RestFullCard"/>
  <system-out/>
  <testcase name="validateUpdateCard" time="0.738" classname="apiTests.RestFullCard"/>
  <system-out/>
  <testcase name="ValidateToCloseCard" time="1.458" classname="apiTests.RestFullCard"/>
  <system-out/>
</testsuite> <!-- apiTests.RestFullCard -->
