<?xml version="1.0" encoding="UTF-8"?>
<!-- Generated by org.testng.reporters.JUnitReportReporter -->
<testsuite hostname="EN911415" failures="0" tests="8" name="apiTests.RestFullCard" time="17.521" errors="0" timestamp="2022-05-08T12:37:34 COT" skipped="0">
  <testcase classname="apiTests.RestFullCard" name="validateLists" time="2.852"/>
  <system-out/>
  <testcase classname="apiTests.RestFullCard" name="validateCard" time="2.871"/>
  <system-out/>
  <testcase classname="apiTests.RestFullCard" name="createNewCard" time="2.978"/>
  <system-out/>
  <testcase classname="apiTests.RestFullCard" name="validateDeleteCard" time="3.826"/>
  <system-out/>
  <testcase classname="apiTests.RestFullCard" name="validateAddNewComment" time="2.871"/>
  <system-out/>
  <testcase classname="apiTests.RestFullCard" name="validateMoveCardToList" time="0.578"/>
  <system-out/>
  <testcase classname="apiTests.RestFullCard" name="validateUpdateCard" time="0.498"/>
  <system-out/>
  <testcase classname="apiTests.RestFullCard" name="ValidateToCloseCard" time="1.047"/>
  <system-out/>
</testsuite> <!-- apiTests.RestFullCard -->
