<?xml version="1.0" encoding="UTF-8"?>
<!-- Generated by org.testng.reporters.JUnitReportReporter -->
<testsuite hostname="EN911042" failures="0" tests="8" name="apiTests.RestFullCard" time="18.257" errors="0" timestamp="2020-10-08T19:19:59 COT" skipped="0">
  <testcase classname="apiTests.RestFullCard" name="validateLists" time="3.113"/>
  <system-out/>
  <testcase classname="apiTests.RestFullCard" name="validateCard" time="3.117"/>
  <system-out/>
  <testcase classname="apiTests.RestFullCard" name="createNewCard" time="3.126"/>
  <system-out/>
  <testcase classname="apiTests.RestFullCard" name="validateDeleteCard" time="3.897"/>
  <system-out/>
  <testcase classname="apiTests.RestFullCard" name="validateAddNewComment" time="3.119"/>
  <system-out/>
  <testcase classname="apiTests.RestFullCard" name="validateMoveCardToList" time="0.444"/>
  <system-out/>
  <testcase classname="apiTests.RestFullCard" name="validateUpdateCard" time="0.446"/>
  <system-out/>
  <testcase classname="apiTests.RestFullCard" name="ValidateToCloseCard" time="0.995"/>
  <system-out/>
</testsuite> <!-- apiTests.RestFullCard -->
